2023-10-21_21:31: =======Inicia Servidor=======
2023-10-21_21:32: =======Inicia Servidor=======
2023-10-21_21:32: Inicio de sesion _ usuario: admin
2023-10-21_21:32: Inicio de sesion _ usuario: admin
2023-10-21_21:34: Cierre de sesion _ usuario: admin
2023-10-21_21:35: Inicio de sesion _ usuario: carlos
2023-10-21_21:35: Cierre de sesion _ usuario: carlos
2023-10-21_21:36: Inicio de sesion _ usuario: carlos
2023-10-21_21:36: Inicio de sesion _ usuario: carlos
2023-10-21_21:36: Inicio de sesion _ usuario: carlos
2023-10-21_21:36: Inicio de sesion _ usuario: admin
2023-10-21_21:38: Cierre de sesion _ usuario: admin
2023-10-21_21:38: Inicio de sesion _ usuario: carlos
2023-10-21_21:38: Inicio de sesion _ usuario: romina
2023-10-21_21:39: Cierre de sesion _ usuario: romina
2023-10-21_21:39: Inicio de sesion _ usuario: roberto
2023-10-21_21:40: Inicio de sesion _ usuario: roberto
2023-10-21_21:40: Inicio de sesion _ usuario: roberto
2023-10-21_21:40: Inicio de sesion _ usuario: admin
2023-10-21_21:43: Inicio de sesion _ usuario: carlos
2023-10-21_21:43: Inicio de sesion _ usuario: roberto
2023-10-21_21:43: Inicio de sesion _ usuario: roberto
2023-10-21_21:44: Cierre de sesion _ usuario: roberto
2023-10-21_21:44: Inicio de sesion _ usuario: admin
